<html>
<head>
<title>TestNG:  Test</title>
<link href="../testng.css" rel="stylesheet" type="text/css" />
<link href="../my-testng.css" rel="stylesheet" type="text/css" />

<style type="text/css">
.log { display: none;} 
.stack-trace { display: none;} 
</style>
<script type="text/javascript">
<!--
function flip(e) {
  current = e.style.display;
  if (current == 'block') {
    e.style.display = 'none';
    return 0;
  }
  else {
    e.style.display = 'block';
    return 1;
  }
}

function toggleBox(szDivId, elem, msg1, msg2)
{
  var res = -1;  if (document.getElementById) {
    res = flip(document.getElementById(szDivId));
  }
  else if (document.all) {
    // this is the way old msie versions work
    res = flip(document.all[szDivId]);
  }
  if(elem) {
    if(res == 0) elem.innerHTML = msg1; else elem.innerHTML = msg2;
  }

}

function toggleAllBoxes() {
  if (document.getElementsByTagName) {
    d = document.getElementsByTagName('div');
    for (i = 0; i < d.length; i++) {
      if (d[i].className == 'log') {
        flip(d[i]);
      }
    }
  }
}

// -->
</script>

</head>
<body>
<h2 align='center'>Test</h2><table border='1' align="center">
<tr>
<td>Tests passed/Failed/Skipped:</td><td>10/1/0</td>
</tr><tr>
<td>Started on:</td><td>Wed Aug 30 08:55:52 BST 2017</td>
</tr>
<tr><td>Total time:</td><td>587 seconds (587688 ms)</td>
</tr><tr>
<td>Included groups:</td><td></td>
</tr><tr>
<td>Excluded groups:</td><td></td>
</tr>
</table><p/>
<small><i>(Hover the method name to see the test class name)</i></small><p/>
<table width='100%' border='1' class='invocation-failed'>
<tr><td colspan='4' align='center'><b>FAILED TESTS</b></td></tr>
<tr><td><b>Test method</b></td>
<td width="30%"><b>Exception</b></td>
<td width="10%"><b>Time (seconds)</b></td>
<td><b>Instance</b></td>
</tr>
<tr>
<td title='studentcenter_testCases.TC_005_MyDetailsUpdate_PersonalDetails.myDetailsUpdate()'><b>myDetailsUpdate</b><br>Test class: studentcenter_testCases.TC_005_MyDetailsUpdate_PersonalDetails<br>Parameters: addabook5@mail.com, Password1234, Kaplan, Sword</td>
<td><div><pre>org.openqa.selenium.NoSuchElementException: no such element: Unable to locate element: {&quot;method&quot;:&quot;xpath&quot;,&quot;selector&quot;:&quot;(//input[@type=&apos;submit&apos;])[1]&quot;}
  (Session info: chrome=60.0.3112.101)
  (Driver info: chromedriver=2.29.461591 (62ebf098771772160f391d75e589dc567915b233),platform=Windows NT 6.3.9600 x86_64) (WARNING: The server did not provide any stacktrace information)
Command duration or timeout: 30.05 seconds
For documentation on this error, please visit: http://seleniumhq.org/exceptions/no_such_element.html
Build info: version: &apos;3.4.0&apos;, revision: &apos;unknown&apos;, time: &apos;unknown&apos;
System info: host: &apos;DEL-DEV-VM03&apos;, ip: &apos;10.73.247.203&apos;, os.name: &apos;Windows Server 2012 R2&apos;, os.arch: &apos;x86&apos;, os.version: &apos;6.3&apos;, java.version: &apos;1.8.0_144&apos;
Driver info: org.openqa.selenium.chrome.ChromeDriver
Capabilities [{applicationCacheEnabled=false, rotatable=false, mobileEmulationEnabled=false, networkConnectionEnabled=false, chrome={chromedriverVersion=2.29.461591 (62ebf098771772160f391d75e589dc567915b233), userDataDir=C:\Users\DSURAV~1\AppData\Local\Temp\2\scoped_dir11288_17836}, takesHeapSnapshot=true, pageLoadStrategy=normal, databaseEnabled=false, handlesAlerts=true, hasTouchScreen=false, version=60.0.3112.101, platform=WIN8_1, browserConnectionEnabled=false, nativeEvents=true, acceptSslCerts=true, locationContextEnabled=true, webStorageEnabled=true, browserName=chrome, takesScreenshot=true, javascriptEnabled=true, cssSelectorsEnabled=true, unexpectedAlertBehaviour=}]
Session ID: 8d0f3d5786beac6a10a2480bc8cb1a56
*** Element info: {Using=xpath, value=(//input[@type=&apos;submit&apos;])[1]}
	at org.openqa.selenium.remote.ErrorHandler.createThrowable(ErrorHandler.java:215)
	at org.openqa.selenium.remote.ErrorHandler.throwIfResponseFailed(ErrorHandler.java:167)
	at org.openqa.selenium.remote.RemoteWebDriver.execute(RemoteWebDriver.java:671)
	at org.openqa.selenium.remote.RemoteWebDriver.findElement(RemoteWebDriver.java:410)
	at org.openqa.selenium.remote.RemoteWebDriver.findElementByXPath(RemoteWebDriver.java:509)
	at org.openqa.selenium.By$ByXPath.findElement(By.java:361)
	at org.openqa.selenium.remote.RemoteWebDriver.findElement(RemoteWebDriver.java:402)
	at studentcenter_pages.MyDetails_Page.clickOnUpdateDetails(MyDetails_Page.java:71)
	at studentcenter_testCases.TC_005_MyDetailsUpdate_PersonalDetails.myDetailsUpdate(TC_005_MyDetailsUpdate_PersonalDetails.java:32)
... Removed 28 stack frames</pre></div><a href='#' onClick='toggleBox("stack-trace7429764", this, "Click to show all stack frames", "Click to hide stack frames")'>Click to show all stack frames</a>
<div class='stack-trace' id='stack-trace7429764'><pre>org.openqa.selenium.NoSuchElementException: no such element: Unable to locate element: {&quot;method&quot;:&quot;xpath&quot;,&quot;selector&quot;:&quot;(//input[@type=&apos;submit&apos;])[1]&quot;}
  (Session info: chrome=60.0.3112.101)
  (Driver info: chromedriver=2.29.461591 (62ebf098771772160f391d75e589dc567915b233),platform=Windows NT 6.3.9600 x86_64) (WARNING: The server did not provide any stacktrace information)
Command duration or timeout: 30.05 seconds
For documentation on this error, please visit: http://seleniumhq.org/exceptions/no_such_element.html
Build info: version: &apos;3.4.0&apos;, revision: &apos;unknown&apos;, time: &apos;unknown&apos;
System info: host: &apos;DEL-DEV-VM03&apos;, ip: &apos;10.73.247.203&apos;, os.name: &apos;Windows Server 2012 R2&apos;, os.arch: &apos;x86&apos;, os.version: &apos;6.3&apos;, java.version: &apos;1.8.0_144&apos;
Driver info: org.openqa.selenium.chrome.ChromeDriver
Capabilities [{applicationCacheEnabled=false, rotatable=false, mobileEmulationEnabled=false, networkConnectionEnabled=false, chrome={chromedriverVersion=2.29.461591 (62ebf098771772160f391d75e589dc567915b233), userDataDir=C:\Users\DSURAV~1\AppData\Local\Temp\2\scoped_dir11288_17836}, takesHeapSnapshot=true, pageLoadStrategy=normal, databaseEnabled=false, handlesAlerts=true, hasTouchScreen=false, version=60.0.3112.101, platform=WIN8_1, browserConnectionEnabled=false, nativeEvents=true, acceptSslCerts=true, locationContextEnabled=true, webStorageEnabled=true, browserName=chrome, takesScreenshot=true, javascriptEnabled=true, cssSelectorsEnabled=true, unexpectedAlertBehaviour=}]
Session ID: 8d0f3d5786beac6a10a2480bc8cb1a56
*** Element info: {Using=xpath, value=(//input[@type=&apos;submit&apos;])[1]}
	at sun.reflect.NativeConstructorAccessorImpl.newInstance0(Native Method)
	at sun.reflect.NativeConstructorAccessorImpl.newInstance(Unknown Source)
	at sun.reflect.DelegatingConstructorAccessorImpl.newInstance(Unknown Source)
	at java.lang.reflect.Constructor.newInstance(Unknown Source)
	at org.openqa.selenium.remote.ErrorHandler.createThrowable(ErrorHandler.java:215)
	at org.openqa.selenium.remote.ErrorHandler.throwIfResponseFailed(ErrorHandler.java:167)
	at org.openqa.selenium.remote.RemoteWebDriver.execute(RemoteWebDriver.java:671)
	at org.openqa.selenium.remote.RemoteWebDriver.findElement(RemoteWebDriver.java:410)
	at org.openqa.selenium.remote.RemoteWebDriver.findElementByXPath(RemoteWebDriver.java:509)
	at org.openqa.selenium.By$ByXPath.findElement(By.java:361)
	at org.openqa.selenium.remote.RemoteWebDriver.findElement(RemoteWebDriver.java:402)
	at studentcenter_pages.MyDetails_Page.clickOnUpdateDetails(MyDetails_Page.java:71)
	at studentcenter_testCases.TC_005_MyDetailsUpdate_PersonalDetails.myDetailsUpdate(TC_005_MyDetailsUpdate_PersonalDetails.java:32)
	at sun.reflect.NativeMethodAccessorImpl.invoke0(Native Method)
	at sun.reflect.NativeMethodAccessorImpl.invoke(Unknown Source)
	at sun.reflect.DelegatingMethodAccessorImpl.invoke(Unknown Source)
	at java.lang.reflect.Method.invoke(Unknown Source)
	at org.testng.internal.MethodInvocationHelper.invokeMethod(MethodInvocationHelper.java:86)
	at org.testng.internal.Invoker.invokeMethod(Invoker.java:643)
	at org.testng.internal.Invoker.invokeTestMethod(Invoker.java:820)
	at org.testng.internal.Invoker.invokeTestMethods(Invoker.java:1128)
	at org.testng.internal.TestMethodWorker.invokeTestMethods(TestMethodWorker.java:129)
	at org.testng.internal.TestMethodWorker.run(TestMethodWorker.java:112)
	at org.testng.TestRunner.privateRun(TestRunner.java:782)
	at org.testng.TestRunner.run(TestRunner.java:632)
	at org.testng.SuiteRunner.runTest(SuiteRunner.java:366)
	at org.testng.SuiteRunner.runSequentially(SuiteRunner.java:361)
	at org.testng.SuiteRunner.privateRun(SuiteRunner.java:319)
	at org.testng.SuiteRunner.run(SuiteRunner.java:268)
	at org.testng.SuiteRunnerWorker.runSuite(SuiteRunnerWorker.java:52)
	at org.testng.SuiteRunnerWorker.run(SuiteRunnerWorker.java:86)
	at org.testng.TestNG.runSuitesSequentially(TestNG.java:1244)
	at org.testng.TestNG.runSuitesLocally(TestNG.java:1169)
	at org.testng.TestNG.run(TestNG.java:1064)
	at org.testng.remote.AbstractRemoteTestNG.run(AbstractRemoteTestNG.java:132)
	at org.testng.remote.RemoteTestNG.initAndRun(RemoteTestNG.java:230)
	at org.testng.remote.RemoteTestNG.main(RemoteTestNG.java:76)
</pre></div></td>
<td>173</td>
<td>studentcenter_testCases.TC_005_MyDetailsUpdate_PersonalDetails@1ef968d</td></tr>
</table><p>
<table width='100%' border='1' class='invocation-passed'>
<tr><td colspan='4' align='center'><b>PASSED TESTS</b></td></tr>
<tr><td><b>Test method</b></td>
<td width="30%"><b>Exception</b></td>
<td width="10%"><b>Time (seconds)</b></td>
<td><b>Instance</b></td>
</tr>
<tr>
<td title='studentcenter_testCases.TC_007_HomeAddressUpdate.HomeAddressUpdate()'><b>HomeAddressUpdate</b><br>Test class: studentcenter_testCases.TC_007_HomeAddressUpdate<br>Parameters: newtest1@mail.com, Password1234, Broadways Road, Scotland, 524005.0</td>
<td></td>
<td>22</td>
<td>studentcenter_testCases.TC_007_HomeAddressUpdate@1d4520b</td></tr>
<tr>
<td title='studentcenter_testCases.TC_008_DeliveryAddressUpdate.deliveryAddressUpdate()'><b>deliveryAddressUpdate</b><br>Test class: studentcenter_testCases.TC_008_DeliveryAddressUpdate<br>Parameters: newtest1@mail.com, Password1234, Broadways Road, Scotland, 524005</td>
<td></td>
<td>50</td>
<td>studentcenter_testCases.TC_008_DeliveryAddressUpdate@1ac631b</td></tr>
<tr>
<td title='studentcenter_testCases.TC_001_LoginandLogout.loginAndLogout()'><b>loginAndLogout</b><br>Test class: studentcenter_testCases.TC_001_LoginandLogout<br>Parameters: newtest1@mail.com, Password1234</td>
<td></td>
<td>7</td>
<td>studentcenter_testCases.TC_001_LoginandLogout@187ed94</td></tr>
<tr>
<td title='studentcenter_testCases.TC_001_LoginandLogout.loginAndLogout()'><b>loginAndLogout</b><br>Test class: studentcenter_testCases.TC_001_LoginandLogout<br>Parameters: kaplantest15@gmail.com, Password1234</td>
<td></td>
<td>7</td>
<td>studentcenter_testCases.TC_001_LoginandLogout@187ed94</td></tr>
<tr>
<td title='studentcenter_testCases.TC_004_LoginwithInactiveUser.loginAndLogoutInvalidUser()'><b>loginAndLogoutInvalidUser</b><br>Test class: studentcenter_testCases.TC_004_LoginwithInactiveUser<br>Parameters: demotest98@mail.com, Password1234, Please be advised that you have not activated your account. To do so, please check your email and click on the activation link contained within the email</td>
<td></td>
<td>68</td>
<td>studentcenter_testCases.TC_004_LoginwithInactiveUser@1f8bee4</td></tr>
<tr>
<td title='studentcenter_testCases.TC_002_LoginandLogoutInvalidUser.loginAndLogoutInvalidUser()'><b>loginAndLogoutInvalidUser</b><br>Test class: studentcenter_testCases.TC_002_LoginandLogoutInvalidUser<br>Parameters: cdtest108@mail.com, Password12345, The email or password entered is incorrect, try again or use the forgot password link below</td>
<td></td>
<td>3</td>
<td>studentcenter_testCases.TC_002_LoginandLogoutInvalidUser@87af79</td></tr>
<tr>
<td title='studentcenter_testCases.TC_003_BrightSpaceStudent_Login.loginAndLogoutOfBrightSpace()'><b>loginAndLogoutOfBrightSpace</b><br>Test class: studentcenter_testCases.TC_003_BrightSpaceStudent_Login<br>Parameters: cdtest106@mail.com, Password1234</td>
<td></td>
<td>13</td>
<td>studentcenter_testCases.TC_003_BrightSpaceStudent_Login@e048a</td></tr>
<tr>
<td title='studentcenter_testCases.TC_006_MyDetailsUpdate_ContactInformation.myDetailsUpdate()'><b>myDetailsUpdate</b><br>Test class: studentcenter_testCases.TC_006_MyDetailsUpdate_ContactInformation<br>Parameters: newregistereduser@mail.com, Password1234, Kaplan1@mail.com, 9898789867879, 98877545678, 88445435455, CFAB</td>
<td></td>
<td>120</td>
<td>studentcenter_testCases.TC_006_MyDetailsUpdate_ContactInformation@149cea0</td></tr>
<tr>
<td title='studentcenter_testCases.TC_010_OrderHistory.orderHistory()'><b>orderHistory</b><br>Test class: studentcenter_testCases.TC_010_OrderHistory<br>Parameters: kaplantest15@gmail.com, Password1234, 13/12/2016, KF155328, £509.00, £0.00, £509.00, 13/12/2016, ACCA Skills F4 CL (ENG) -Tuition course materials - KP, </td>
<td></td>
<td>23</td>
<td>studentcenter_testCases.TC_010_OrderHistory@1e028a9</td></tr>
<tr>
<td title='studentcenter_testCases.TC_009_UpdatePassword.updatePassword()'><b>updatePassword</b><br>Test class: studentcenter_testCases.TC_009_UpdatePassword<br>Parameters: kaplantest15@gmail.com, Password1234, Password1234, Password1234</td>
<td></td>
<td>9</td>
<td>studentcenter_testCases.TC_009_UpdatePassword@1c79255</td></tr>
</table><p>
</body>
</html>