<?xml version="1.0" encoding="UTF-8"?>
<!-- Generated by org.testng.reporters.JUnitXMLReporter -->
<testsuite hostname="DEL-LOADTEST-01" name="Test" tests="4" failures="0" timestamp="30 Jun 2017 06:41:19 GMT" time="109.949" errors="0">
  <testcase name="loginAndLogoutInvalidUser" time="9.731" classname="studentcenter_testCases.TC_002_LoginandLogoutInvalidUser"/>
  <testcase name="loginAndLogoutOfBrightSpace" time="37.127" classname="studentcenter_testCases.TC_003_BrightSpaceStudent_Login"/>
  <testcase name="loginAndLogout" time="10.058" classname="studentcenter_testCases.TC_001_LoginandLogout"/>
  <testcase name="loginAndLogout" time="7.581" classname="studentcenter_testCases.TC_001_LoginandLogout"/>
</testsuite> <!-- Test -->
