<?xml version="1.0" encoding="UTF-8"?>
<!-- Generated by org.testng.reporters.JUnitXMLReporter -->
<testsuite hostname="DEL-DEV-VM03" name="Default test" tests="1" failures="1" timestamp="30 Aug 2017 07:55:50 GMT" time="20.667" errors="0">
  <testcase name="loginAndLogoutInvalidUser" time="6.336" classname="studentcenter_testCases.TC_002_LoginandLogoutInvalidUser">
    <failure type="java.lang.StackOverflowError">
      <![CDATA[java.lang.StackOverflowError
	at java.security.AccessController.doPrivileged(Native Method)
	at java.net.URLClassLoader.findClass(Unknown Source)
	at java.lang.ClassLoader.loadClass(Unknown Source)
	at java.lang.ClassLoader.loadClass(Unknown Source)
	at sun.misc.Launcher$AppClassLoader.loadClass(Unknown Source)
	at java.lang.ClassLoader.loadClass(Unknown Source)
	at org.openqa.selenium.remote.service.DriverCommandExecutor.execute(DriverCommandExecutor.java:84)
	at org.openqa.selenium.remote.RemoteWebDriver.execute(RemoteWebDriver.java:637)
	at org.openqa.selenium.remote.RemoteWebDriver.execute(RemoteWebDriver.java:694)
	at org.openqa.selenium.remote.RemoteWebDriver.getScreenshotAs(RemoteWebDriver.java:382)
	at wrappers.GenericWrappers.takeSnap(GenericWrappers.java:151)
	at utils.Reporter.reportStep(Reporter.java:20)
	at utils.Reporter.reportStep(Reporter.java:44)
	at wrappers.GenericWrappers.takeSnap(GenericWrappers.java:153)
	at utils.Reporter.reportStep(Reporter.java:20)
	at utils.Reporter.reportStep(Reporter.java:44)
	at wrappers.GenericWrappers.takeSnap(GenericWrappers.java:153)
	at utils.Reporter.reportStep(Reporter.java:20)
	at utils.Reporter.reportStep(Reporter.java:44)
	at wrappers.GenericWrappers.takeSnap(GenericWrappers.java:153)
	at utils.Reporter.reportStep(Reporter.java:20)
	at utils.Reporter.reportStep(Reporter.java:44)
	at wrappers.GenericWrappers.takeSnap(GenericWrappers.java:153)
	at utils.Reporter.reportStep(Reporter.java:20)
	at utils.Reporter.reportStep(Reporter.java:44)
	at wrappers.GenericWrappers.takeSnap(GenericWrappers.java:153)
	at utils.Reporter.reportStep(Reporter.java:20)
	at utils.Reporter.reportStep(Reporter.java:44)
	at wrappers.GenericWrappers.takeSnap(GenericWrappers.java:153)
	at utils.Reporter.reportStep(Reporter.java:20)
	at utils.Reporter.reportStep(Reporter.java:44)
	at wrappers.GenericWrappers.takeSnap(GenericWrappers.java:153)
	at utils.Reporter.reportStep(Reporter.java:20)
	at utils.Reporter.reportStep(Reporter.java:44)
	at wrappers.GenericWrappers.takeSnap(GenericWrappers.java:153)
	at utils.Reporter.reportStep(Reporter.java:20)
	at utils.Reporter.reportStep(Reporter.java:44)
	at wrappers.GenericWrappers.takeSnap(GenericWrappers.java:153)
	at utils.Reporter.reportStep(Reporter.java:20)
	at utils.Reporter.reportStep(Reporter.java:44)
	at wrappers.GenericWrappers.takeSnap(GenericWrappers.java:153)
	at utils.Reporter.reportStep(Reporter.java:20)
	at utils.Reporter.reportStep(Reporter.java:44)
	at wrappers.GenericWrappers.takeSnap(GenericWrappers.java:153)
	at utils.Reporter.reportStep(Reporter.java:20)
	at utils.Reporter.reportStep(Reporter.java:44)
	at wrappers.GenericWrappers.takeSnap(GenericWrappers.java:153)
	at utils.Reporter.reportStep(Reporter.java:20)
	at utils.Reporter.reportStep(Reporter.java:44)
	at wrappers.GenericWrappers.takeSnap(GenericWrappers.java:153)
	at utils.Reporter.reportStep(Reporter.java:20)
	at utils.Reporter.reportStep(Reporter.java:44)
	at wrappers.GenericWrappers.takeSnap(GenericWrappers.java:153)
	at utils.Reporter.reportStep(Reporter.java:20)
	at utils.Reporter.reportStep(Reporter.java:44)
	at wrappers.GenericWrappers.takeSnap(GenericWrappers.java:153)
	at utils.Reporter.reportStep(Reporter.java:20)
	at utils.Reporter.reportStep(Reporter.java:44)
	at wrappers.GenericWrappers.takeSnap(GenericWrappers.java:153)
	at utils.Reporter.reportStep(Reporter.java:20)
	at utils.Reporter.reportStep(Reporter.java:44)
	at wrappers.GenericWrappers.takeSnap(GenericWrappers.java:153)
	at utils.Reporter.reportStep(Reporter.java:20)
	at utils.Reporter.reportStep(Reporter.java:44)
	at wrappers.GenericWrappers.takeSnap(GenericWrappers.java:153)
	at utils.Reporter.reportStep(Reporter.java:20)
	at utils.Reporter.reportStep(Reporter.java:44)
	at wrappers.GenericWrappers.takeSnap(GenericWrappers.java:153)
	at utils.Reporter.reportStep(Reporter.java:20)
	at utils.Reporter.reportStep(Reporter.java:44)
	at wrappers.GenericWrappers.takeSnap(GenericWrappers.java:153)
	at utils.Reporter.reportStep(Reporter.java:20)
	at utils.Reporter.reportStep(Reporter.java:44)
	at wrappers.GenericWrappers.takeSnap(GenericWrappers.java:153)
	at utils.Reporter.reportStep(Reporter.java:20)
	at utils.Reporter.reportStep(Reporter.java:44)
	at wrappers.GenericWrappers.takeSnap(GenericWrappers.java:153)
	at utils.Reporter.reportStep(Reporter.java:20)
	at utils.Reporter.reportStep(Reporter.java:44)
	at wrappers.GenericWrappers.takeSnap(GenericWrappers.java:153)
	at utils.Reporter.reportStep(Reporter.java:20)
	at utils.Reporter.reportStep(Reporter.java:44)
	at wrappers.GenericWrappers.takeSnap(GenericWrappers.java:153)
	at utils.Reporter.reportStep(Reporter.java:20)
	at utils.Reporter.reportStep(Reporter.java:44)
	at wrappers.GenericWrappers.takeSnap(GenericWrappers.java:153)
	at utils.Reporter.reportStep(Reporter.java:20)
	at utils.Reporter.reportStep(Reporter.java:44)
	at wrappers.GenericWrappers.takeSnap(GenericWrappers.java:153)
	at utils.Reporter.reportStep(Reporter.java:20)
	at utils.Reporter.reportStep(Reporter.java:44)
	at wrappers.GenericWrappers.takeSnap(GenericWrappers.java:153)
	at utils.Reporter.reportStep(Reporter.java:20)
	at utils.Reporter.reportStep(Reporter.java:44)
	at wrappers.GenericWrappers.takeSnap(GenericWrappers.java:153)
	at utils.Reporter.reportStep(Reporter.java:20)
	at utils.Reporter.reportStep(Reporter.java:44)
	at wrappers.GenericWrappers.takeSnap(GenericWrappers.java:153)
	at utils.Reporter.reportStep(Reporter.java:20)
	at utils.Reporter.reportStep(Reporter.java:44)
	at wrappers.GenericWrappers.takeSnap(GenericWrappers.java:153)
	at utils.Reporter.reportStep(Reporter.java:20)
	at utils.Reporter.reportStep(Reporter.java:44)
	at wrappers.GenericWrappers.takeSnap(GenericWrappers.java:153)
	at utils.Reporter.reportStep(Reporter.java:20)
	at utils.Reporter.reportStep(Reporter.java:44)
	at wrappers.GenericWrappers.takeSnap(GenericWrappers.java:153)
	at utils.Reporter.reportStep(Reporter.java:20)
	at utils.Reporter.reportStep(Reporter.java:44)
	at wrappers.GenericWrappers.takeSnap(GenericWrappers.java:153)
	at utils.Reporter.reportStep(Reporter.java:20)
	at utils.Reporter.reportStep(Reporter.java:44)
	at wrappers.GenericWrappers.takeSnap(GenericWrappers.java:153)
	at utils.Reporter.reportStep(Reporter.java:20)
	at utils.Reporter.reportStep(Reporter.java:44)
	at wrappers.GenericWrappers.takeSnap(GenericWrappers.java:153)
	at utils.Reporter.reportStep(Reporter.java:20)
	at utils.Reporter.reportStep(Reporter.java:44)
	at wrappers.GenericWrappers.takeSnap(GenericWrappers.java:153)
	at utils.Reporter.reportStep(Reporter.java:20)
	at utils.Reporter.reportStep(Reporter.java:44)
	at wrappers.GenericWrappers.takeSnap(GenericWrappers.java:153)
	at utils.Reporter.reportStep(Reporter.java:20)
	at utils.Reporter.reportStep(Reporter.java:44)
	at wrappers.GenericWrappers.takeSnap(GenericWrappers.java:153)
	at utils.Reporter.reportStep(Reporter.java:20)
	at utils.Reporter.reportStep(Reporter.java:44)
	at wrappers.GenericWrappers.takeSnap(GenericWrappers.java:153)
	at utils.Reporter.reportStep(Reporter.java:20)
	at utils.Reporter.reportStep(Reporter.java:44)
	at wrappers.GenericWrappers.takeSnap(GenericWrappers.java:153)
	at utils.Reporter.reportStep(Reporter.java:20)
	at utils.Reporter.reportStep(Reporter.java:44)
	at wrappers.GenericWrappers.takeSnap(GenericWrappers.java:153)
	at utils.Reporter.reportStep(Reporter.java:20)
	at utils.Reporter.reportStep(Reporter.java:44)
	at wrappers.GenericWrappers.takeSnap(GenericWrappers.java:153)
	at utils.Reporter.reportStep(Reporter.java:20)
	at utils.Reporter.reportStep(Reporter.java:44)
	at wrappers.GenericWrappers.takeSnap(GenericWrappers.java:153)
	at utils.Reporter.reportStep(Reporter.java:20)
	at utils.Reporter.reportStep(Reporter.java:44)
	at wrappers.GenericWrappers.takeSnap(GenericWrappers.java:153)
	at utils.Reporter.reportStep(Reporter.java:20)
	at utils.Reporter.reportStep(Reporter.java:44)
	at wrappers.GenericWrappers.takeSnap(GenericWrappers.java:153)
	at utils.Reporter.reportStep(Reporter.java:20)
	at utils.Reporter.reportStep(Reporter.java:44)
	at wrappers.GenericWrappers.takeSnap(GenericWrappers.java:153)
	at utils.Reporter.reportStep(Reporter.java:20)
	at utils.Reporter.reportStep(Reporter.java:44)
	at wrappers.GenericWrappers.takeSnap(GenericWrappers.java:153)
	at utils.Reporter.reportStep(Reporter.java:20)
	at utils.Reporter.reportStep(Reporter.java:44)
	at wrappers.GenericWrappers.takeSnap(GenericWrappers.java:153)
	at utils.Reporter.reportStep(Reporter.java:20)
	at utils.Reporter.reportStep(Reporter.java:44)
	at wrappers.GenericWrappers.takeSnap(GenericWrappers.java:153)
	at utils.Reporter.reportStep(Reporter.java:20)
	at utils.Reporter.reportStep(Reporter.java:44)
	at wrappers.GenericWrappers.takeSnap(GenericWrappers.java:153)
	at utils.Reporter.reportStep(Reporter.java:20)
	at utils.Reporter.reportStep(Reporter.java:44)
	at wrappers.GenericWrappers.takeSnap(GenericWrappers.java:153)
	at utils.Reporter.reportStep(Reporter.java:20)
	at utils.Reporter.reportStep(Reporter.java:44)
	at wrappers.GenericWrappers.takeSnap(GenericWrappers.java:153)
	at utils.Reporter.reportStep(Reporter.java:20)
	at utils.Reporter.reportStep(Reporter.java:44)
	at wrappers.GenericWrappers.takeSnap(GenericWrappers.java:153)
	at utils.Reporter.reportStep(Reporter.java:20)
	at utils.Reporter.reportStep(Reporter.java:44)
	at wrappers.GenericWrappers.takeSnap(GenericWrappers.java:153)
	at utils.Reporter.reportStep(Reporter.java:20)
	at utils.Reporter.reportStep(Reporter.java:44)
	at wrappers.GenericWrappers.takeSnap(GenericWrappers.java:153)
	at utils.Reporter.reportStep(Reporter.java:20)
	at utils.Reporter.reportStep(Reporter.java:44)
	at wrappers.GenericWrappers.takeSnap(GenericWrappers.java:153)
	at utils.Reporter.reportStep(Reporter.java:20)
	at utils.Reporter.reportStep(Reporter.java:44)
	at wrappers.GenericWrappers.takeSnap(GenericWrappers.java:153)
	at utils.Reporter.reportStep(Reporter.java:20)
	at utils.Reporter.reportStep(Reporter.java:44)
	at wrappers.GenericWrappers.takeSnap(GenericWrappers.java:153)
	at utils.Reporter.reportStep(Reporter.java:20)
	at utils.Reporter.reportStep(Reporter.java:44)
	at wrappers.GenericWrappers.takeSnap(GenericWrappers.java:153)
	at utils.Reporter.reportStep(Reporter.java:20)
	at utils.Reporter.reportStep(Reporter.java:44)
	at wrappers.GenericWrappers.takeSnap(GenericWrappers.java:153)
	at utils.Reporter.reportStep(Reporter.java:20)
	at utils.Reporter.reportStep(Reporter.java:44)
	at wrappers.GenericWrappers.takeSnap(GenericWrappers.java:153)
	at utils.Reporter.reportStep(Reporter.java:20)
	at utils.Reporter.reportStep(Reporter.java:44)
	at wrappers.GenericWrappers.takeSnap(GenericWrappers.java:153)
	at utils.Reporter.reportStep(Reporter.java:20)
	at utils.Reporter.reportStep(Reporter.java:44)
	at wrappers.GenericWrappers.takeSnap(GenericWrappers.java:153)
	at utils.Reporter.reportStep(Reporter.java:20)
	at utils.Reporter.reportStep(Reporter.java:44)
	at wrappers.GenericWrappers.takeSnap(GenericWrappers.java:153)
	at utils.Reporter.reportStep(Reporter.java:20)
	at utils.Reporter.reportStep(Reporter.java:44)
	at wrappers.GenericWrappers.takeSnap(GenericWrappers.java:153)
	at utils.Reporter.reportStep(Reporter.java:20)
	at utils.Reporter.reportStep(Reporter.java:44)
	at wrappers.GenericWrappers.takeSnap(GenericWrappers.java:153)
	at utils.Reporter.reportStep(Reporter.java:20)
	at utils.Reporter.reportStep(Reporter.java:44)
	at wrappers.GenericWrappers.takeSnap(GenericWrappers.java:153)
	at utils.Reporter.reportStep(Reporter.java:20)
	at utils.Reporter.reportStep(Reporter.java:44)
	at wrappers.GenericWrappers.takeSnap(GenericWrappers.java:153)
	at utils.Reporter.reportStep(Reporter.java:20)
	at utils.Reporter.reportStep(Reporter.java:44)
	at wrappers.GenericWrappers.takeSnap(GenericWrappers.java:153)
	at utils.Reporter.reportStep(Reporter.java:20)
	at utils.Reporter.reportStep(Reporter.java:44)
	at wrappers.GenericWrappers.takeSnap(GenericWrappers.java:153)
	at utils.Reporter.reportStep(Reporter.java:20)
	at utils.Reporter.reportStep(Reporter.java:44)
	at wrappers.GenericWrappers.takeSnap(GenericWrappers.java:153)
	at utils.Reporter.reportStep(Reporter.java:20)
	at utils.Reporter.reportStep(Reporter.java:44)
	at wrappers.GenericWrappers.takeSnap(GenericWrappers.java:153)
	at utils.Reporter.reportStep(Reporter.java:20)
	at utils.Reporter.reportStep(Reporter.java:44)
	at wrappers.GenericWrappers.takeSnap(GenericWrappers.java:153)
	at utils.Reporter.reportStep(Reporter.java:20)
	at utils.Reporter.reportStep(Reporter.java:44)
	at wrappers.GenericWrappers.takeSnap(GenericWrappers.java:153)
	at utils.Reporter.reportStep(Reporter.java:20)
	at utils.Reporter.reportStep(Reporter.java:44)
	at wrappers.GenericWrappers.takeSnap(GenericWrappers.java:153)
	at utils.Reporter.reportStep(Reporter.java:20)
	at utils.Reporter.reportStep(Reporter.java:44)
	at wrappers.GenericWrappers.takeSnap(GenericWrappers.java:153)
	at utils.Reporter.reportStep(Reporter.java:20)
	at utils.Reporter.reportStep(Reporter.java:44)
	at wrappers.GenericWrappers.takeSnap(GenericWrappers.java:153)
	at utils.Reporter.reportStep(Reporter.java:20)
	at utils.Reporter.reportStep(Reporter.java:44)
	at wrappers.GenericWrappers.takeSnap(GenericWrappers.java:153)
	at utils.Reporter.reportStep(Reporter.java:20)
	at utils.Reporter.reportStep(Reporter.java:44)
	at wrappers.GenericWrappers.takeSnap(GenericWrappers.java:153)
	at utils.Reporter.reportStep(Reporter.java:20)
	at utils.Reporter.reportStep(Reporter.java:44)
	at wrappers.GenericWrappers.takeSnap(GenericWrappers.java:153)
	at utils.Reporter.reportStep(Reporter.java:20)
	at utils.Reporter.reportStep(Reporter.java:44)
	at wrappers.GenericWrappers.takeSnap(GenericWrappers.java:153)
	at utils.Reporter.reportStep(Reporter.java:20)
	at utils.Reporter.reportStep(Reporter.java:44)
	at wrappers.GenericWrappers.takeSnap(GenericWrappers.java:153)
	at utils.Reporter.reportStep(Reporter.java:20)
	at utils.Reporter.reportStep(Reporter.java:44)
	at wrappers.GenericWrappers.takeSnap(GenericWrappers.java:153)
	at utils.Reporter.reportStep(Reporter.java:20)
	at utils.Reporter.reportStep(Reporter.java:44)
	at wrappers.GenericWrappers.takeSnap(GenericWrappers.java:153)
	at utils.Reporter.reportStep(Reporter.java:20)
	at utils.Reporter.reportStep(Reporter.java:44)
	at wrappers.GenericWrappers.takeSnap(GenericWrappers.java:153)
	at utils.Reporter.reportStep(Reporter.java:20)
	at utils.Reporter.reportStep(Reporter.java:44)
	at wrappers.GenericWrappers.takeSnap(GenericWrappers.java:153)
	at utils.Reporter.reportStep(Reporter.java:20)
	at utils.Reporter.reportStep(Reporter.java:44)
	at wrappers.GenericWrappers.takeSnap(GenericWrappers.java:153)
	at utils.Reporter.reportStep(Reporter.java:20)
	at utils.Reporter.reportStep(Reporter.java:44)
	at wrappers.GenericWrappers.takeSnap(GenericWrappers.java:153)
	at utils.Reporter.reportStep(Reporter.java:20)
	at utils.Reporter.reportStep(Reporter.java:44)
	at wrappers.GenericWrappers.takeSnap(GenericWrappers.java:153)
	at utils.Reporter.reportStep(Reporter.java:20)
	at utils.Reporter.reportStep(Reporter.java:44)
	at wrappers.GenericWrappers.takeSnap(GenericWrappers.java:153)
	at utils.Reporter.reportStep(Reporter.java:20)
	at utils.Reporter.reportStep(Reporter.java:44)
	at wrappers.GenericWrappers.takeSnap(GenericWrappers.java:153)
	at utils.Reporter.reportStep(Reporter.java:20)
	at utils.Reporter.reportStep(Reporter.java:44)
	at wrappers.GenericWrappers.takeSnap(GenericWrappers.java:153)
	at utils.Reporter.reportStep(Reporter.java:20)
	at utils.Reporter.reportStep(Reporter.java:44)
	at wrappers.GenericWrappers.takeSnap(GenericWrappers.java:153)
	at utils.Reporter.reportStep(Reporter.java:20)
	at utils.Reporter.reportStep(Reporter.java:44)
	at wrappers.GenericWrappers.takeSnap(GenericWrappers.java:153)
	at utils.Reporter.reportStep(Reporter.java:20)
	at utils.Reporter.reportStep(Reporter.java:44)
	at wrappers.GenericWrappers.takeSnap(GenericWrappers.java:153)
	at utils.Reporter.reportStep(Reporter.java:20)
	at utils.Reporter.reportStep(Reporter.java:44)
	at wrappers.GenericWrappers.takeSnap(GenericWrappers.java:153)
	at utils.Reporter.reportStep(Reporter.java:20)
	at utils.Reporter.reportStep(Reporter.java:44)
	at wrappers.GenericWrappers.takeSnap(GenericWrappers.java:153)
	at utils.Reporter.reportStep(Reporter.java:20)
	at utils.Reporter.reportStep(Reporter.java:44)
	at wrappers.GenericWrappers.takeSnap(GenericWrappers.java:153)
	at utils.Reporter.reportStep(Reporter.java:20)
	at utils.Reporter.reportStep(Reporter.java:44)
	at wrappers.GenericWrappers.takeSnap(GenericWrappers.java:153)
	at utils.Reporter.reportStep(Reporter.java:20)
	at utils.Reporter.reportStep(Reporter.java:44)
	at wrappers.GenericWrappers.takeSnap(GenericWrappers.java:153)
	at utils.Reporter.reportStep(Reporter.java:20)
	at utils.Reporter.reportStep(Reporter.java:44)
	at wrappers.GenericWrappers.takeSnap(GenericWrappers.java:153)
	at utils.Reporter.reportStep(Reporter.java:20)
	at utils.Reporter.reportStep(Reporter.java:44)
	at wrappers.GenericWrappers.takeSnap(GenericWrappers.java:153)
	at utils.Reporter.reportStep(Reporter.java:20)
	at utils.Reporter.reportStep(Reporter.java:44)
	at wrappers.GenericWrappers.takeSnap(GenericWrappers.java:153)
	at utils.Reporter.reportStep(Reporter.java:20)
	at utils.Reporter.reportStep(Reporter.java:44)
	at wrappers.GenericWrappers.takeSnap(GenericWrappers.java:153)
	at utils.Reporter.reportStep(Reporter.java:20)
	at utils.Reporter.reportStep(Reporter.java:44)
	at wrappers.GenericWrappers.takeSnap(GenericWrappers.java:153)
	at utils.Reporter.reportStep(Reporter.java:20)
	at utils.Reporter.reportStep(Reporter.java:44)
	at wrappers.GenericWrappers.takeSnap(GenericWrappers.java:153)
	at utils.Reporter.reportStep(Reporter.java:20)
	at utils.Reporter.reportStep(Reporter.java:44)
	at wrappers.GenericWrappers.takeSnap(GenericWrappers.java:153)
	at utils.Reporter.reportStep(Reporter.java:20)
	at utils.Reporter.reportStep(Reporter.java:44)
	at wrappers.GenericWrappers.takeSnap(GenericWrappers.java:153)
	at utils.Reporter.reportStep(Reporter.java:20)
	at utils.Reporter.reportStep(Reporter.java:44)
	at wrappers.GenericWrappers.takeSnap(GenericWrappers.java:153)
	at utils.Reporter.reportStep(Reporter.java:20)
	at utils.Reporter.reportStep(Reporter.java:44)
	at wrappers.GenericWrappers.takeSnap(GenericWrappers.java:153)
	at utils.Reporter.reportStep(Reporter.java:20)
	at utils.Reporter.reportStep(Reporter.java:44)
	at wrappers.GenericWrappers.takeSnap(GenericWrappers.java:153)
	at utils.Reporter.reportStep(Reporter.java:20)
	at utils.Reporter.reportStep(Reporter.java:44)
	at wrappers.GenericWrappers.takeSnap(GenericWrappers.java:153)
	at utils.Reporter.reportStep(Reporter.java:20)
	at utils.Reporter.reportStep(Reporter.java:44)
	at wrappers.GenericWrappers.takeSnap(GenericWrappers.java:153)
	at utils.Reporter.reportStep(Reporter.java:20)
	at utils.Reporter.reportStep(Reporter.java:44)
	at wrappers.GenericWrappers.takeSnap(GenericWrappers.java:153)
	at utils.Reporter.reportStep(Reporter.java:20)
	at utils.Reporter.reportStep(Reporter.java:44)
	at wrappers.GenericWrappers.takeSnap(GenericWrappers.java:153)
	at utils.Reporter.reportStep(Reporter.java:20)
	at utils.Reporter.reportStep(Reporter.java:44)
	at wrappers.GenericWrappers.takeSnap(GenericWrappers.java:153)
	at utils.Reporter.reportStep(Reporter.java:20)
	at utils.Reporter.reportStep(Reporter.java:44)
	at wrappers.GenericWrappers.takeSnap(GenericWrappers.java:153)
	at utils.Reporter.reportStep(Reporter.java:20)
	at utils.Reporter.reportStep(Reporter.java:44)
	at wrappers.GenericWrappers.takeSnap(GenericWrappers.java:153)
	at utils.Reporter.reportStep(Reporter.java:20)
	at utils.Reporter.reportStep(Reporter.java:44)
	at wrappers.GenericWrappers.takeSnap(GenericWrappers.java:153)
	at utils.Reporter.reportStep(Reporter.java:20)
	at utils.Reporter.reportStep(Reporter.java:44)
	at wrappers.GenericWrappers.takeSnap(GenericWrappers.java:153)
	at utils.Reporter.reportStep(Reporter.java:20)
	at utils.Reporter.reportStep(Reporter.java:44)
	at wrappers.GenericWrappers.takeSnap(GenericWrappers.java:153)
	at utils.Reporter.reportStep(Reporter.java:20)
	at utils.Reporter.reportStep(Reporter.java:44)
	at wrappers.GenericWrappers.takeSnap(GenericWrappers.java:153)
	at utils.Reporter.reportStep(Reporter.java:20)
	at utils.Reporter.reportStep(Reporter.java:44)
	at wrappers.GenericWrappers.takeSnap(GenericWrappers.java:153)
	at utils.Reporter.reportStep(Reporter.java:20)
	at utils.Reporter.reportStep(Reporter.java:44)
	at wrappers.GenericWrappers.takeSnap(GenericWrappers.java:153)
	at utils.Reporter.reportStep(Reporter.java:20)
	at utils.Reporter.reportStep(Reporter.java:44)
	at wrappers.GenericWrappers.takeSnap(GenericWrappers.java:153)
	at utils.Reporter.reportStep(Reporter.java:20)
	at utils.Reporter.reportStep(Reporter.java:44)
	at wrappers.GenericWrappers.takeSnap(GenericWrappers.java:153)
	at utils.Reporter.reportStep(Reporter.java:20)
	at utils.Reporter.reportStep(Reporter.java:44)
	at wrappers.GenericWrappers.takeSnap(GenericWrappers.java:153)
	at utils.Reporter.reportStep(Reporter.java:20)
	at utils.Reporter.reportStep(Reporter.java:44)
	at wrappers.GenericWrappers.takeSnap(GenericWrappers.java:153)
	at utils.Reporter.reportStep(Reporter.java:20)
	at utils.Reporter.reportStep(Reporter.java:44)
	at wrappers.GenericWrappers.takeSnap(GenericWrappers.java:153)
	at utils.Reporter.reportStep(Reporter.java:20)
	at utils.Reporter.reportStep(Reporter.java:44)
	at wrappers.GenericWrappers.takeSnap(GenericWrappers.java:153)
	at utils.Reporter.reportStep(Reporter.java:20)
	at utils.Reporter.reportStep(Reporter.java:44)
	at wrappers.GenericWrappers.takeSnap(GenericWrappers.java:153)
	at utils.Reporter.reportStep(Reporter.java:20)
	at utils.Reporter.reportStep(Reporter.java:44)
	at wrappers.GenericWrappers.takeSnap(GenericWrappers.java:153)
	at utils.Reporter.reportStep(Reporter.java:20)
	at utils.Reporter.reportStep(Reporter.java:44)
	at wrappers.GenericWrappers.takeSnap(GenericWrappers.java:153)
	at utils.Reporter.reportStep(Reporter.java:20)
	at utils.Reporter.reportStep(Reporter.java:44)
	at wrappers.GenericWrappers.takeSnap(GenericWrappers.java:153)
	at utils.Reporter.reportStep(Reporter.java:20)
	at utils.Reporter.reportStep(Reporter.java:44)
	at wrappers.GenericWrappers.takeSnap(GenericWrappers.java:153)
	at utils.Reporter.reportStep(Reporter.java:20)
	at utils.Reporter.reportStep(Reporter.java:44)
	at wrappers.GenericWrappers.takeSnap(GenericWrappers.java:153)
	at utils.Reporter.reportStep(Reporter.java:20)
	at utils.Reporter.reportStep(Reporter.java:44)
	at wrappers.GenericWrappers.takeSnap(GenericWrappers.java:153)
	at utils.Reporter.reportStep(Reporter.java:20)
	at utils.Reporter.reportStep(Reporter.java:44)
	at wrappers.GenericWrappers.takeSnap(GenericWrappers.java:153)
	at utils.Reporter.reportStep(Reporter.java:20)
	at utils.Reporter.reportStep(Reporter.java:44)
	at wrappers.GenericWrappers.takeSnap(GenericWrappers.java:153)
	at utils.Reporter.reportStep(Reporter.java:20)
	at utils.Reporter.reportStep(Reporter.java:44)
	at wrappers.GenericWrappers.takeSnap(GenericWrappers.java:153)
	at utils.Reporter.reportStep(Reporter.java:20)
	at utils.Reporter.reportStep(Reporter.java:44)
	at wrappers.GenericWrappers.takeSnap(GenericWrappers.java:153)
	at utils.Reporter.reportStep(Reporter.java:20)
	at utils.Reporter.reportStep(Reporter.java:44)
	at wrappers.GenericWrappers.takeSnap(GenericWrappers.java:153)
	at utils.Reporter.reportStep(Reporter.java:20)
	at utils.Reporter.reportStep(Reporter.java:44)
	at wrappers.GenericWrappers.takeSnap(GenericWrappers.java:153)
	at utils.Reporter.reportStep(Reporter.java:20)
	at utils.Reporter.reportStep(Reporter.java:44)
	at wrappers.GenericWrappers.takeSnap(GenericWrappers.java:153)
	at utils.Reporter.reportStep(Reporter.java:20)
	at utils.Reporter.reportStep(Reporter.java:44)
	at wrappers.GenericWrappers.takeSnap(GenericWrappers.java:153)
	at utils.Reporter.reportStep(Reporter.java:20)
	at utils.Reporter.reportStep(Reporter.java:44)
	at wrappers.GenericWrappers.takeSnap(GenericWrappers.java:153)
	at utils.Reporter.reportStep(Reporter.java:20)
	at utils.Reporter.reportStep(Reporter.java:44)
	at wrappers.GenericWrappers.takeSnap(GenericWrappers.java:153)
	at utils.Reporter.reportStep(Reporter.java:20)
	at utils.Reporter.reportStep(Reporter.java:44)
	at wrappers.GenericWrappers.takeSnap(GenericWrappers.java:153)
	at utils.Reporter.reportStep(Reporter.java:20)
	at utils.Reporter.reportStep(Reporter.java:44)
	at wrappers.GenericWrappers.takeSnap(GenericWrappers.java:153)
	at utils.Reporter.reportStep(Reporter.java:20)
	at utils.Reporter.reportStep(Reporter.java:44)
	at wrappers.GenericWrappers.takeSnap(GenericWrappers.java:153)
	at utils.Reporter.reportStep(Reporter.java:20)
	at utils.Reporter.reportStep(Reporter.java:44)
	at wrappers.GenericWrappers.takeSnap(GenericWrappers.java:153)
	at utils.Reporter.reportStep(Reporter.java:20)
	at utils.Reporter.reportStep(Reporter.java:44)
	at wrappers.GenericWrappers.takeSnap(GenericWrappers.java:153)
	at utils.Reporter.reportStep(Reporter.java:20)
	at utils.Reporter.reportStep(Reporter.java:44)
	at wrappers.GenericWrappers.takeSnap(GenericWrappers.java:153)
	at utils.Reporter.reportStep(Reporter.java:20)
	at utils.Reporter.reportStep(Reporter.java:44)
	at wrappers.GenericWrappers.takeSnap(GenericWrappers.java:153)
	at utils.Reporter.reportStep(Reporter.java:20)
	at utils.Reporter.reportStep(Reporter.java:44)
	at wrappers.GenericWrappers.takeSnap(GenericWrappers.java:153)
	at utils.Reporter.reportStep(Reporter.java:20)
	at utils.Reporter.reportStep(Reporter.java:44)
	at wrappers.GenericWrappers.takeSnap(GenericWrappers.java:153)
	at utils.Reporter.reportStep(Reporter.java:20)
	at utils.Reporter.reportStep(Reporter.java:44)
	at wrappers.GenericWrappers.takeSnap(GenericWrappers.java:153)
	at utils.Reporter.reportStep(Reporter.java:20)
	at utils.Reporter.reportStep(Reporter.java:44)
	at wrappers.GenericWrappers.takeSnap(GenericWrappers.java:153)
	at utils.Reporter.reportStep(Reporter.java:20)
	at utils.Reporter.reportStep(Reporter.java:44)
	at wrappers.GenericWrappers.takeSnap(GenericWrappers.java:153)
	at utils.Reporter.reportStep(Reporter.java:20)
	at utils.Reporter.reportStep(Reporter.java:44)
	at wrappers.GenericWrappers.takeSnap(GenericWrappers.java:153)
	at utils.Reporter.reportStep(Reporter.java:20)
	at utils.Reporter.reportStep(Reporter.java:44)
	at wrappers.GenericWrappers.takeSnap(GenericWrappers.java:153)
	at utils.Reporter.reportStep(Reporter.java:20)
	at utils.Reporter.reportStep(Reporter.java:44)
	at wrappers.GenericWrappers.takeSnap(GenericWrappers.java:153)
	at utils.Reporter.reportStep(Reporter.java:20)
	at utils.Reporter.reportStep(Reporter.java:44)
	at wrappers.GenericWrappers.takeSnap(GenericWrappers.java:153)
	at utils.Reporter.reportStep(Reporter.java:20)
	at utils.Reporter.reportStep(Reporter.java:44)
	at wrappers.GenericWrappers.takeSnap(GenericWrappers.java:153)
	at utils.Reporter.reportStep(Reporter.java:20)
	at utils.Reporter.reportStep(Reporter.java:44)
	at wrappers.GenericWrappers.takeSnap(GenericWrappers.java:153)
	at utils.Reporter.reportStep(Reporter.java:20)
	at utils.Reporter.reportStep(Reporter.java:44)
	at wrappers.GenericWrappers.takeSnap(GenericWrappers.java:153)
	at utils.Reporter.reportStep(Reporter.java:20)
	at utils.Reporter.reportStep(Reporter.java:44)
	at wrappers.GenericWrappers.takeSnap(GenericWrappers.java:153)
	at utils.Reporter.reportStep(Reporter.java:20)
	at utils.Reporter.reportStep(Reporter.java:44)
	at wrappers.GenericWrappers.takeSnap(GenericWrappers.java:153)
	at utils.Reporter.reportStep(Reporter.java:20)
	at utils.Reporter.reportStep(Reporter.java:44)
	at wrappers.GenericWrappers.takeSnap(GenericWrappers.java:153)
	at utils.Reporter.reportStep(Reporter.java:20)
	at utils.Reporter.reportStep(Reporter.java:44)
	at wrappers.GenericWrappers.takeSnap(GenericWrappers.java:153)
	at utils.Reporter.reportStep(Reporter.java:20)
	at utils.Reporter.reportStep(Reporter.java:44)
	at wrappers.GenericWrappers.takeSnap(GenericWrappers.java:153)
	at utils.Reporter.reportStep(Reporter.java:20)
	at utils.Reporter.reportStep(Reporter.java:44)
	at wrappers.GenericWrappers.takeSnap(GenericWrappers.java:153)
	at utils.Reporter.reportStep(Reporter.java:20)
	at utils.Reporter.reportStep(Reporter.java:44)
	at wrappers.GenericWrappers.takeSnap(GenericWrappers.java:153)
	at utils.Reporter.reportStep(Reporter.java:20)
	at utils.Reporter.reportStep(Reporter.java:44)
	at wrappers.GenericWrappers.takeSnap(GenericWrappers.java:153)
	at utils.Reporter.reportStep(Reporter.java:20)
	at utils.Reporter.reportStep(Reporter.java:44)
	at wrappers.GenericWrappers.takeSnap(GenericWrappers.java:153)
	at utils.Reporter.reportStep(Reporter.java:20)
	at utils.Reporter.reportStep(Reporter.java:44)
	at wrappers.GenericWrappers.takeSnap(GenericWrappers.java:153)
	at utils.Reporter.reportStep(Reporter.java:20)
	at utils.Reporter.reportStep(Reporter.java:44)
	at wrappers.GenericWrappers.takeSnap(GenericWrappers.java:153)
	at utils.Reporter.reportStep(Reporter.java:20)
	at utils.Reporter.reportStep(Reporter.java:44)
	at wrappers.GenericWrappers.takeSnap(GenericWrappers.java:153)
	at utils.Reporter.reportStep(Reporter.java:20)
	at utils.Reporter.reportStep(Reporter.java:44)
	at wrappers.GenericWrappers.takeSnap(GenericWrappers.java:153)
	at utils.Reporter.reportStep(Reporter.java:20)
	at utils.Reporter.reportStep(Reporter.java:44)
	at wrappers.GenericWrappers.takeSnap(GenericWrappers.java:153)
	at utils.Reporter.reportStep(Reporter.java:20)
	at utils.Reporter.reportStep(Reporter.java:44)
	at wrappers.GenericWrappers.takeSnap(GenericWrappers.java:153)
	at utils.Reporter.reportStep(Reporter.java:20)
	at utils.Reporter.reportStep(Reporter.java:44)
	at wrappers.GenericWrappers.takeSnap(GenericWrappers.java:153)
	at utils.Reporter.reportStep(Reporter.java:20)
	at utils.Reporter.reportStep(Reporter.java:44)
	at wrappers.GenericWrappers.takeSnap(GenericWrappers.java:153)
	at utils.Reporter.reportStep(Reporter.java:20)
	at utils.Reporter.reportStep(Reporter.java:44)
	at wrappers.GenericWrappers.takeSnap(GenericWrappers.java:153)
	at utils.Reporter.reportStep(Reporter.java:20)
	at utils.Reporter.reportStep(Reporter.java:44)
	at wrappers.GenericWrappers.takeSnap(GenericWrappers.java:153)
	at utils.Reporter.reportStep(Reporter.java:20)
	at utils.Reporter.reportStep(Reporter.java:44)
	at wrappers.GenericWrappers.takeSnap(GenericWrappers.java:153)
	at utils.Reporter.reportStep(Reporter.java:20)
	at utils.Reporter.reportStep(Reporter.java:44)
	at wrappers.GenericWrappers.takeSnap(GenericWrappers.java:153)
	at utils.Reporter.reportStep(Reporter.java:20)
	at utils.Reporter.reportStep(Reporter.java:44)
	at wrappers.GenericWrappers.takeSnap(GenericWrappers.java:153)
	at utils.Reporter.reportStep(Reporter.java:20)
	at utils.Reporter.reportStep(Reporter.java:44)
	at wrappers.GenericWrappers.takeSnap(GenericWrappers.java:153)
	at utils.Reporter.reportStep(Reporter.java:20)
	at utils.Reporter.reportStep(Reporter.java:44)
	at wrappers.GenericWrappers.takeSnap(GenericWrappers.java:153)
	at utils.Reporter.reportStep(Reporter.java:20)
	at utils.Reporter.reportStep(Reporter.java:44)
	at wrappers.GenericWrappers.takeSnap(GenericWrappers.java:153)
	at utils.Reporter.reportStep(Reporter.java:20)
	at utils.Reporter.reportStep(Reporter.java:44)
	at wrappers.GenericWrappers.takeSnap(GenericWrappers.java:153)
	at utils.Reporter.reportStep(Reporter.java:20)
	at utils.Reporter.reportStep(Reporter.java:44)
	at wrappers.GenericWrappers.takeSnap(GenericWrappers.java:153)
	at utils.Reporter.reportStep(Reporter.java:20)
	at utils.Reporter.reportStep(Reporter.java:44)
	at wrappers.GenericWrappers.takeSnap(GenericWrappers.java:153)
	at utils.Reporter.reportStep(Reporter.java:20)
	at utils.Reporter.reportStep(Reporter.java:44)
	at wrappers.GenericWrappers.takeSnap(GenericWrappers.java:153)
	at utils.Reporter.reportStep(Reporter.java:20)
	at utils.Reporter.reportStep(Reporter.java:44)
	at wrappers.GenericWrappers.takeSnap(GenericWrappers.java:153)
	at utils.Reporter.reportStep(Reporter.java:20)
	at utils.Reporter.reportStep(Reporter.java:44)
	at wrappers.GenericWrappers.takeSnap(GenericWrappers.java:153)
	at utils.Reporter.reportStep(Reporter.java:20)
	at utils.Reporter.reportStep(Reporter.java:44)
	at wrappers.GenericWrappers.takeSnap(GenericWrappers.java:153)
	at utils.Reporter.reportStep(Reporter.java:20)
	at utils.Reporter.reportStep(Reporter.java:44)
	at wrappers.GenericWrappers.takeSnap(GenericWrappers.java:153)
	at utils.Reporter.reportStep(Reporter.java:20)
	at utils.Reporter.reportStep(Reporter.java:44)
	at wrappers.GenericWrappers.takeSnap(GenericWrappers.java:153)
	at utils.Reporter.reportStep(Reporter.java:20)
	at utils.Reporter.reportStep(Reporter.java:44)
	at wrappers.GenericWrappers.takeSnap(GenericWrappers.java:153)
	at utils.Reporter.reportStep(Reporter.java:20)
	at utils.Reporter.reportStep(Reporter.java:44)
	at wrappers.GenericWrappers.takeSnap(GenericWrappers.java:153)
	at utils.Reporter.reportStep(Reporter.java:20)
	at utils.Reporter.reportStep(Reporter.java:44)
	at wrappers.GenericWrappers.takeSnap(GenericWrappers.java:153)
	at utils.Reporter.reportStep(Reporter.java:20)
	at utils.Reporter.reportStep(Reporter.java:44)
	at wrappers.GenericWrappers.takeSnap(GenericWrappers.java:153)
	at utils.Reporter.reportStep(Reporter.java:20)
	at utils.Reporter.reportStep(Reporter.java:44)
	at wrappers.GenericWrappers.takeSnap(GenericWrappers.java:153)
	at utils.Reporter.reportStep(Reporter.java:20)
	at utils.Reporter.reportStep(Reporter.java:44)
	at wrappers.GenericWrappers.takeSnap(GenericWrappers.java:153)
	at utils.Reporter.reportStep(Reporter.java:20)
	at utils.Reporter.reportStep(Reporter.java:44)
	at wrappers.GenericWrappers.takeSnap(GenericWrappers.java:153)
	at utils.Reporter.reportStep(Reporter.java:20)
	at utils.Reporter.reportStep(Reporter.java:44)
	at wrappers.GenericWrappers.takeSnap(GenericWrappers.java:153)
	at utils.Reporter.reportStep(Reporter.java:20)
	at utils.Reporter.reportStep(Reporter.java:44)
	at wrappers.GenericWrappers.takeSnap(GenericWrappers.java:153)
	at utils.Reporter.reportStep(Reporter.java:20)
	at utils.Reporter.reportStep(Reporter.java:44)
	at wrappers.GenericWrappers.takeSnap(GenericWrappers.java:153)
	at utils.Reporter.reportStep(Reporter.java:20)
	at utils.Reporter.reportStep(Reporter.java:44)
	at wrappers.GenericWrappers.takeSnap(GenericWrappers.java:153)
	at utils.Reporter.reportStep(Reporter.java:20)
	at utils.Reporter.reportStep(Reporter.java:44)
	at wrappers.GenericWrappers.takeSnap(GenericWrappers.java:153)
	at utils.Reporter.reportStep(Reporter.java:20)
	at utils.Reporter.reportStep(Reporter.java:44)
	at wrappers.GenericWrappers.takeSnap(GenericWrappers.java:153)
	at utils.Reporter.reportStep(Reporter.java:20)
	at utils.Reporter.reportStep(Reporter.java:44)
	at wrappers.GenericWrappers.takeSnap(GenericWrappers.java:153)
	at utils.Reporter.reportStep(Reporter.java:20)
	at utils.Reporter.reportStep(Reporter.java:44)
	at wrappers.GenericWrappers.takeSnap(GenericWrappers.java:153)
	at utils.Reporter.reportStep(Reporter.java:20)
	at utils.Reporter.reportStep(Reporter.java:44)
	at wrappers.GenericWrappers.takeSnap(GenericWrappers.java:153)
	at utils.Reporter.reportStep(Reporter.java:20)
	at utils.Reporter.reportStep(Reporter.java:44)
	at wrappers.GenericWrappers.takeSnap(GenericWrappers.java:153)
	at utils.Reporter.reportStep(Reporter.java:20)
	at utils.Reporter.reportStep(Reporter.java:44)
	at wrappers.GenericWrappers.takeSnap(GenericWrappers.java:153)
	at utils.Reporter.reportStep(Reporter.java:20)
	at utils.Reporter.reportStep(Reporter.java:44)
	at wrappers.GenericWrappers.takeSnap(GenericWrappers.java:153)
	at utils.Reporter.reportStep(Reporter.java:20)
	at utils.Reporter.reportStep(Reporter.java:44)
	at wrappers.GenericWrappers.takeSnap(GenericWrappers.java:153)
	at utils.Reporter.reportStep(Reporter.java:20)
	at utils.Reporter.reportStep(Reporter.java:44)
	at wrappers.GenericWrappers.takeSnap(GenericWrappers.java:153)
	at utils.Reporter.reportStep(Reporter.java:20)
	at utils.Reporter.reportStep(Reporter.java:44)
	at wrappers.GenericWrappers.takeSnap(GenericWrappers.java:153)
	at utils.Reporter.reportStep(Reporter.java:20)
	at utils.Reporter.reportStep(Reporter.java:44)
	at wrappers.GenericWrappers.takeSnap(GenericWrappers.java:153)
	at utils.Reporter.reportStep(Reporter.java:20)
	at utils.Reporter.reportStep(Reporter.java:44)
	at wrappers.GenericWrappers.takeSnap(GenericWrappers.java:153)
	at utils.Reporter.reportStep(Reporter.java:20)
	at utils.Reporter.reportStep(Reporter.java:44)
	at wrappers.GenericWrappers.takeSnap(GenericWrappers.java:153)
	at utils.Reporter.reportStep(Reporter.java:20)
	at utils.Reporter.reportStep(Reporter.java:44)
	at wrappers.GenericWrappers.takeSnap(GenericWrappers.java:153)
	at utils.Reporter.reportStep(Reporter.java:20)
	at utils.Reporter.reportStep(Reporter.java:44)
	at wrappers.GenericWrappers.takeSnap(GenericWrappers.java:153)
	at utils.Reporter.reportStep(Reporter.java:20)
	at utils.Reporter.reportStep(Reporter.java:44)
	at wrappers.GenericWrappers.takeSnap(GenericWrappers.java:153)
	at utils.Reporter.reportStep(Reporter.java:20)
	at utils.Reporter.reportStep(Reporter.java:44)
	at wrappers.GenericWrappers.takeSnap(GenericWrappers.java:153)
	at utils.Reporter.reportStep(Reporter.java:20)
	at utils.Reporter.reportStep(Reporter.java:44)
	at wrappers.GenericWrappers.takeSnap(GenericWrappers.java:153)
	at utils.Reporter.reportStep(Reporter.java:20)
	at utils.Reporter.reportStep(Reporter.java:44)
	at wrappers.GenericWrappers.takeSnap(GenericWrappers.java:153)
	at utils.Reporter.reportStep(Reporter.java:20)
	at utils.Reporter.reportStep(Reporter.java:44)
	at wrappers.GenericWrappers.takeSnap(GenericWrappers.java:153)
	at utils.Reporter.reportStep(Reporter.java:20)
	at utils.Reporter.reportStep(Reporter.java:44)
	at wrappers.GenericWrappers.takeSnap(GenericWrappers.java:153)
	at utils.Reporter.reportStep(Reporter.java:20)
	at utils.Reporter.reportStep(Reporter.java:44)
	at wrappers.GenericWrappers.takeSnap(GenericWrappers.java:153)
	at utils.Reporter.reportStep(Reporter.java:20)
	at utils.Reporter.reportStep(Reporter.java:44)
	at wrappers.GenericWrappers.takeSnap(GenericWrappers.java:153)
	at utils.Reporter.reportStep(Reporter.java:20)
	at utils.Reporter.reportStep(Reporter.java:44)
	at wrappers.GenericWrappers.takeSnap(GenericWrappers.java:153)
	at utils.Reporter.reportStep(Reporter.java:20)
	at utils.Reporter.reportStep(Reporter.java:44)
	at wrappers.GenericWrappers.takeSnap(GenericWrappers.java:153)
	at utils.Reporter.reportStep(Reporter.java:20)
	at utils.Reporter.reportStep(Reporter.java:44)
	at wrappers.GenericWrappers.takeSnap(GenericWrappers.java:153)
	at utils.Reporter.reportStep(Reporter.java:20)
	at utils.Reporter.reportStep(Reporter.java:44)
	at wrappers.GenericWrappers.takeSnap(GenericWrappers.java:153)
	at utils.Reporter.reportStep(Reporter.java:20)
	at utils.Reporter.reportStep(Reporter.java:44)
	at wrappers.GenericWrappers.takeSnap(GenericWrappers.java:153)
	at utils.Reporter.reportStep(Reporter.java:20)
	at utils.Reporter.reportStep(Reporter.java:44)
	at wrappers.GenericWrappers.takeSnap(GenericWrappers.java:153)
	at utils.Reporter.reportStep(Reporter.java:20)
	at utils.Reporter.reportStep(Reporter.java:44)
	at wrappers.GenericWrappers.takeSnap(GenericWrappers.java:153)
	at utils.Reporter.reportStep(Reporter.java:20)
	at utils.Reporter.reportStep(Reporter.java:44)
	at wrappers.GenericWrappers.takeSnap(GenericWrappers.java:153)
	at utils.Reporter.reportStep(Reporter.java:20)
	at utils.Reporter.reportStep(Reporter.java:44)
	at wrappers.GenericWrappers.takeSnap(GenericWrappers.java:153)
	at utils.Reporter.reportStep(Reporter.java:20)
	at utils.Reporter.reportStep(Reporter.java:44)
	at wrappers.GenericWrappers.takeSnap(GenericWrappers.java:153)
	at utils.Reporter.reportStep(Reporter.java:20)
	at utils.Reporter.reportStep(Reporter.java:44)
	at wrappers.GenericWrappers.takeSnap(GenericWrappers.java:153)
	at utils.Reporter.reportStep(Reporter.java:20)
	at utils.Reporter.reportStep(Reporter.java:44)
	at wrappers.GenericWrappers.takeSnap(GenericWrappers.java:153)
	at utils.Reporter.reportStep(Reporter.java:20)
	at utils.Reporter.reportStep(Reporter.java:44)
	at wrappers.GenericWrappers.takeSnap(GenericWrappers.java:153)
	at utils.Reporter.reportStep(Reporter.java:20)
	at utils.Reporter.reportStep(Reporter.java:44)
	at wrappers.GenericWrappers.takeSnap(GenericWrappers.java:153)
	at utils.Reporter.reportStep(Reporter.java:20)
	at utils.Reporter.reportStep(Reporter.java:44)
	at wrappers.GenericWrappers.takeSnap(GenericWrappers.java:153)
	at utils.Reporter.reportStep(Reporter.java:20)
	at utils.Reporter.reportStep(Reporter.java:44)
	at wrappers.GenericWrappers.takeSnap(GenericWrappers.java:153)
	at utils.Reporter.reportStep(Reporter.java:20)
	at utils.Reporter.reportStep(Reporter.java:44)
	at wrappers.GenericWrappers.takeSnap(GenericWrappers.java:153)
	at utils.Reporter.reportStep(Reporter.java:20)
	at utils.Reporter.reportStep(Reporter.java:44)
	at wrappers.GenericWrappers.takeSnap(GenericWrappers.java:153)
	at utils.Reporter.reportStep(Reporter.java:20)
	at utils.Reporter.reportStep(Reporter.java:44)
	at wrappers.GenericWrappers.takeSnap(GenericWrappers.java:153)
	at utils.Reporter.reportStep(Reporter.java:20)
	at utils.Reporter.reportStep(Reporter.java:44)
	at wrappers.GenericWrappers.takeSnap(GenericWrappers.java:153)
	at utils.Reporter.reportStep(Reporter.java:20)
	at utils.Reporter.reportStep(Reporter.java:44)
	at wrappers.GenericWrappers.takeSnap(GenericWrappers.java:153)
	at utils.Reporter.reportStep(Reporter.java:20)
	at utils.Reporter.reportStep(Reporter.java:44)
	at wrappers.GenericWrappers.takeSnap(GenericWrappers.java:153)
	at utils.Reporter.reportStep(Reporter.java:20)
	at utils.Reporter.reportStep(Reporter.java:44)
	at wrappers.GenericWrappers.takeSnap(GenericWrappers.java:153)
	at utils.Reporter.reportStep(Reporter.java:20)
	at utils.Reporter.reportStep(Reporter.java:44)
	at wrappers.GenericWrappers.takeSnap(GenericWrappers.java:153)
	at utils.Reporter.reportStep(Reporter.java:20)
	at utils.Reporter.reportStep(Reporter.java:44)
	at wrappers.GenericWrappers.takeSnap(GenericWrappers.java:153)
	at utils.Reporter.reportStep(Reporter.java:20)
	at utils.Reporter.reportStep(Reporter.java:44)
	at wrappers.GenericWrappers.takeSnap(GenericWrappers.java:153)
	at utils.Reporter.reportStep(Reporter.java:20)
	at utils.Reporter.reportStep(Reporter.java:44)
	at wrappers.GenericWrappers.takeSnap(GenericWrappers.java:153)
	at utils.Reporter.reportStep(Reporter.java:20)
	at utils.Reporter.reportStep(Reporter.java:44)
	at wrappers.GenericWrappers.takeSnap(GenericWrappers.java:153)
	at utils.Reporter.reportStep(Reporter.java:20)
	at utils.Reporter.reportStep(Reporter.java:44)
	at wrappers.GenericWrappers.takeSnap(GenericWrappers.java:153)
	at utils.Reporter.reportStep(Reporter.java:20)
	at utils.Reporter.reportStep(Reporter.java:44)
	at wrappers.GenericWrappers.takeSnap(GenericWrappers.java:153)
	at utils.Reporter.reportStep(Reporter.java:20)
	at utils.Reporter.reportStep(Reporter.java:44)
	at wrappers.GenericWrappers.takeSnap(GenericWrappers.java:153)
	at utils.Reporter.reportStep(Reporter.java:20)
	at utils.Reporter.reportStep(Reporter.java:44)
	at wrappers.GenericWrappers.takeSnap(GenericWrappers.java:153)
	at utils.Reporter.reportStep(Reporter.java:20)
	at utils.Reporter.reportStep(Reporter.java:44)
	at wrappers.GenericWrappers.takeSnap(GenericWrappers.java:153)
	at utils.Reporter.reportStep(Reporter.java:20)
	at utils.Reporter.reportStep(Reporter.java:44)
	at wrappers.GenericWrappers.takeSnap(GenericWrappers.java:153)
	at utils.Reporter.reportStep(Reporter.java:20)
	at utils.Reporter.reportStep(Reporter.java:44)
	at wrappers.GenericWrappers.takeSnap(GenericWrappers.java:153)
	at utils.Reporter.reportStep(Reporter.java:20)
	at utils.Reporter.reportStep(Reporter.java:44)
	at wrappers.GenericWrappers.takeSnap(GenericWrappers.java:153)
	at utils.Reporter.reportStep(Reporter.java:20)
	at utils.Reporter.reportStep(Reporter.java:44)
	at wrappers.GenericWrappers.takeSnap(GenericWrappers.java:153)
	at utils.Reporter.reportStep(Reporter.java:20)
	at utils.Reporter.reportStep(Reporter.java:44)
	at wrappers.GenericWrappers.takeSnap(GenericWrappers.java:153)
	at utils.Reporter.reportStep(Reporter.java:20)
	at utils.Reporter.reportStep(Reporter.java:44)
	at wrappers.GenericWrappers.takeSnap(GenericWrappers.java:153)
	at utils.Reporter.reportStep(Reporter.java:20)
	at utils.Reporter.reportStep(Reporter.java:44)
	at wrappers.GenericWrappers.takeSnap(GenericWrappers.java:153)
	at utils.Reporter.reportStep(Reporter.java:20)
	at utils.Reporter.reportStep(Reporter.java:44)
	at wrappers.GenericWrappers.takeSnap(GenericWrappers.java:153)
	at utils.Reporter.reportStep(Reporter.java:20)
	at utils.Reporter.reportStep(Reporter.java:44)
	at wrappers.GenericWrappers.takeSnap(GenericWrappers.java:153)
	at utils.Reporter.reportStep(Reporter.java:20)
	at utils.Reporter.reportStep(Reporter.java:44)
	at wrappers.GenericWrappers.takeSnap(GenericWrappers.java:153)
	at utils.Reporter.reportStep(Reporter.java:20)
	at utils.Reporter.reportStep(Reporter.java:44)
	at wrappers.GenericWrappers.takeSnap(GenericWrappers.java:153)
	at utils.Reporter.reportStep(Reporter.java:20)
	at utils.Reporter.reportStep(Reporter.java:44)
	at wrappers.GenericWrappers.takeSnap(GenericWrappers.java:153)
	at utils.Reporter.reportStep(Reporter.java:20)
	at utils.Reporter.reportStep(Reporter.java:44)
	at wrappers.GenericWrappers.takeSnap(GenericWrappers.java:153)
	at utils.Reporter.reportStep(Reporter.java:20)
	at utils.Reporter.reportStep(Reporter.java:44)
	at wrappers.GenericWrappers.takeSnap(GenericWrappers.java:153)
	at utils.Reporter.reportStep(Reporter.java:20)
	at utils.Reporter.reportStep(Reporter.java:44)
	at wrappers.GenericWrappers.takeSnap(GenericWrappers.java:153)
	at utils.Reporter.reportStep(Reporter.java:20)
	at utils.Reporter.reportStep(Reporter.java:44)
	at wrappers.GenericWrappers.takeSnap(GenericWrappers.java:153)
	at utils.Reporter.reportStep(Reporter.java:20)
	at utils.Reporter.reportStep(Reporter.java:44)
	at wrappers.GenericWrappers.takeSnap(GenericWrappers.java:153)
	at utils.Reporter.reportStep(Reporter.java:20)
	at utils.Reporter.reportStep(Reporter.java:44)
	at wrappers.GenericWrappers.takeSnap(GenericWrappers.java:153)
	at utils.Reporter.reportStep(Reporter.java:20)
	at utils.Reporter.reportStep(Reporter.java:44)
	at wrappers.GenericWrappers.takeSnap(GenericWrappers.java:153)
	at utils.Reporter.reportStep(Reporter.java:20)
	at utils.Reporter.reportStep(Reporter.java:44)
	at wrappers.GenericWrappers.takeSnap(GenericWrappers.java:153)
	at utils.Reporter.reportStep(Reporter.java:20)
	at utils.Reporter.reportStep(Reporter.java:44)
	at wrappers.GenericWrappers.takeSnap(GenericWrappers.java:153)
	at utils.Reporter.reportStep(Reporter.java:20)
	at utils.Reporter.reportStep(Reporter.java:44)
	at wrappers.GenericWrappers.takeSnap(GenericWrappers.java:153)
	at utils.Reporter.reportStep(Reporter.java:20)
	at utils.Reporter.reportStep(Reporter.java:44)
	at wrappers.GenericWrappers.takeSnap(GenericWrappers.java:153)
	at utils.Reporter.reportStep(Reporter.java:20)
	at utils.Reporter.reportStep(Reporter.java:44)
	at wrappers.GenericWrappers.takeSnap(GenericWrappers.java:153)
	at utils.Reporter.reportStep(Reporter.java:20)
	at utils.Reporter.reportStep(Reporter.java:44)
	at wrappers.GenericWrappers.takeSnap(GenericWrappers.java:153)
	at utils.Reporter.reportStep(Reporter.java:20)
	at utils.Reporter.reportStep(Reporter.java:44)
	at wrappers.GenericWrappers.takeSnap(GenericWrappers.java:153)
	at utils.Reporter.reportStep(Reporter.java:20)
	at utils.Reporter.reportStep(Reporter.java:44)
	at wrappers.GenericWrappers.takeSnap(GenericWrappers.java:153)
	at utils.Reporter.reportStep(Reporter.java:20)
	at utils.Reporter.reportStep(Reporter.java:44)
	at wrappers.GenericWrappers.takeSnap(GenericWrappers.java:153)
	at utils.Reporter.reportStep(Reporter.java:20)
	at utils.Reporter.reportStep(Reporter.java:44)
	at wrappers.GenericWrappers.takeSnap(GenericWrappers.java:153)
	at utils.Reporter.reportStep(Reporter.java:20)
	at utils.Reporter.reportStep(Reporter.java:44)
	at wrappers.GenericWrappers.takeSnap(GenericWrappers.java:153)
	at utils.Reporter.reportStep(Reporter.java:20)
	at utils.Reporter.reportStep(Reporter.java:44)
	at wrappers.GenericWrappers.takeSnap(GenericWrappers.java:153)
	at utils.Reporter.reportStep(Reporter.java:20)
	at utils.Reporter.reportStep(Reporter.java:44)
	at wrappers.GenericWrappers.takeSnap(GenericWrappers.java:153)
	at utils.Reporter.reportStep(Reporter.java:20)
	at utils.Reporter.reportStep(Reporter.java:44)
	at wrappers.GenericWrappers.takeSnap(GenericWrappers.java:153)
	at utils.Reporter.reportStep(Reporter.java:20)
	at utils.Reporter.reportStep(Reporter.java:44)
	at wrappers.GenericWrappers.takeSnap(GenericWrappers.java:153)
	at utils.Reporter.reportStep(Reporter.java:20)
	at utils.Reporter.reportStep(Reporter.java:44)
	at wrappers.GenericWrappers.takeSnap(GenericWrappers.java:153)
	at utils.Reporter.reportStep(Reporter.java:20)
	at utils.Reporter.reportStep(Reporter.java:44)
	at wrappers.GenericWrappers.takeSnap(GenericWrappers.java:153)
	at utils.Reporter.reportStep(Reporter.java:20)
	at utils.Reporter.reportStep(Reporter.java:44)
	at wrappers.GenericWrappers.takeSnap(GenericWrappers.java:153)
	at utils.Reporter.reportStep(Reporter.java:20)
	at utils.Reporter.reportStep(Reporter.java:44)
	at wrappers.GenericWrappers.takeSnap(GenericWrappers.java:153)
	at utils.Reporter.reportStep(Reporter.java:20)
	at utils.Reporter.reportStep(Reporter.java:44)
	at wrappers.GenericWrappers.takeSnap(GenericWrappers.java:153)
	at utils.Reporter.reportStep(Reporter.java:20)
	at utils.Reporter.reportStep(Reporter.java:44)
	at wrappers.GenericWrappers.takeSnap(GenericWrappers.java:153)
	at utils.Reporter.reportStep(Reporter.java:20)
	at utils.Reporter.reportStep(Reporter.java:44)
	at wrappers.GenericWrappers.takeSnap(GenericWrappers.java:153)
	at utils.Reporter.reportStep(Reporter.java:20)
	at utils.Reporter.reportStep(Reporter.java:44)
	at wrappers.GenericWrappers.takeSnap(GenericWrappers.java:153)
	at utils.Reporter.reportStep(Reporter.java:20)
	at utils.Reporter.reportStep(Reporter.java:44)
	at wrappers.GenericWrappers.takeSnap(GenericWrappers.java:153)
	at utils.Reporter.reportStep(Reporter.java:20)
	at utils.Reporter.reportStep(Reporter.java:44)
	at wrappers.GenericWrappers.takeSnap(GenericWrappers.java:153)
	at utils.Reporter.reportStep(Reporter.java:20)
	at utils.Reporter.reportStep(Reporter.java:44)
	at wrappers.GenericWrappers.takeSnap(GenericWrappers.java:153)
	at utils.Reporter.reportStep(Reporter.java:20)
	at utils.Reporter.reportStep(Reporter.java:44)
	at wrappers.GenericWrappers.takeSnap(GenericWrappers.java:153)
	at utils.Reporter.reportStep(Reporter.java:20)
	at utils.Reporter.reportStep(Reporter.java:44)
	at wrappers.GenericWrappers.takeSnap(GenericWrappers.java:153)
	at utils.Reporter.reportStep(Reporter.java:20)
	at utils.Reporter.reportStep(Reporter.java:44)
	at wrappers.GenericWrappers.takeSnap(GenericWrappers.java:153)
	at utils.Reporter.reportStep(Reporter.java:20)
	at utils.Reporter.reportStep(Reporter.java:44)
	at wrappers.GenericWrappers.takeSnap(GenericWrappers.java:153)
	at utils.Reporter.reportStep(Reporter.java:20)
	at utils.Reporter.reportStep(Reporter.java:44)
	at wrappers.GenericWrappers.takeSnap(GenericWrappers.java:153)
	at utils.Reporter.reportStep(Reporter.java:20)
	at utils.Reporter.reportStep(Reporter.java:44)
	at wrappers.GenericWrappers.takeSnap(GenericWrappers.java:153)
	at utils.Reporter.reportStep(Reporter.java:20)
	at utils.Reporter.reportStep(Reporter.java:44)
	at wrappers.GenericWrappers.takeSnap(GenericWrappers.java:153)
	at utils.Reporter.reportStep(Reporter.java:20)
	at utils.Reporter.reportStep(Reporter.java:44)
	at wrappers.GenericWrappers.takeSnap(GenericWrappers.java:153)
	at utils.Reporter.reportStep(Reporter.java:20)
	at utils.Reporter.reportStep(Reporter.java:44)
	at wrappers.GenericWrappers.takeSnap(GenericWrappers.java:153)
	at utils.Reporter.reportStep(Reporter.java:20)
	at utils.Reporter.reportStep(Reporter.java:44)
	at wrappers.GenericWrappers.takeSnap(GenericWrappers.java:153)
	at utils.Reporter.reportStep(Reporter.java:20)
	at utils.Reporter.reportStep(Reporter.java:44)
	at wrappers.GenericWrappers.takeSnap(GenericWrappers.java:153)
	at utils.Reporter.reportStep(Reporter.java:20)
	at utils.Reporter.reportStep(Reporter.java:44)
	at wrappers.GenericWrappers.takeSnap(GenericWrappers.java:153)
	at utils.Reporter.reportStep(Reporter.java:20)
	at utils.Reporter.reportStep(Reporter.java:44)
	at wrappers.GenericWrappers.takeSnap(GenericWrappers.java:153)
	at utils.Reporter.reportStep(Reporter.java:20)
	at utils.Reporter.reportStep(Reporter.java:44)
	at wrappers.GenericWrappers.takeSnap(GenericWrappers.java:153)
	at utils.Reporter.reportStep(Reporter.java:20)
	at utils.Reporter.reportStep(Reporter.java:44)
	at wrappers.GenericWrappers.takeSnap(GenericWrappers.java:153)
	at utils.Reporter.reportStep(Reporter.java:20)
	at utils.Reporter.reportStep(Reporter.java:44)
	at wrappers.GenericWrappers.takeSnap(GenericWrappers.java:153)
	at utils.Reporter.reportStep(Reporter.java:20)
	at utils.Reporter.reportStep(Reporter.java:44)
	at wrappers.GenericWrappers.takeSnap(GenericWrappers.java:153)
	at utils.Reporter.reportStep(Reporter.java:20)
	at utils.Reporter.reportStep(Reporter.java:44)
	at wrappers.GenericWrappers.takeSnap(GenericWrappers.java:153)
	at utils.Reporter.reportStep(Reporter.java:20)
	at utils.Reporter.reportStep(Reporter.java:44)
	at wrappers.GenericWrappers.takeSnap(GenericWrappers.java:153)
	at utils.Reporter.reportStep(Reporter.java:20)
	at utils.Reporter.reportStep(Reporter.java:44)
	at wrappers.GenericWrappers.takeSnap(GenericWrappers.java:153)
	at utils.Reporter.reportStep(Reporter.java:20)
	at utils.Reporter.reportStep(Reporter.java:44)
	at wrappers.GenericWrappers.takeSnap(GenericWrappers.java:153)
	at utils.Reporter.reportStep(Reporter.java:20)
	at utils.Reporter.reportStep(Reporter.java:44)
	at wrappers.GenericWrappers.takeSnap(GenericWrappers.java:153)
	at utils.Reporter.reportStep(Reporter.java:20)
	at utils.Reporter.reportStep(Reporter.java:44)
	at wrappers.GenericWrappers.takeSnap(GenericWrappers.java:153)
	at utils.Reporter.reportStep(Reporter.java:20)
	at utils.Reporter.reportStep(Reporter.java:44)
	at wrappers.GenericWrappers.takeSnap(GenericWrappers.java:153)
	at utils.Reporter.reportStep(Reporter.java:20)
	at utils.Reporter.reportStep(Reporter.java:44)
]]>
    </failure>
  </testcase> <!-- loginAndLogoutInvalidUser -->
</testsuite> <!-- Default test -->
